\BOOKMARK [1][-]{section.1}{\376\377\000I\000n\000t\000r\000o\000d\000u\000c\000t\000i\000o\000n}{}% 1
\BOOKMARK [2][-]{subsection.1.1}{\376\377\000B\000a\000c\000k\000g\000r\000o\000u\000n\000d\000\040\000a\000n\000d\000\040\000M\000o\000t\000i\000v\000a\000t\000i\000o\000n}{section.1}% 2
\BOOKMARK [2][-]{subsection.1.2}{\376\377\000T\000h\000e\000\040\000D\000a\000t\000a\000\040\000C\000h\000a\000l\000l\000e\000n\000g\000e\000:\000\040\000H\000e\000t\000e\000r\000o\000p\000h\000a\000s\000i\000c\000\040\000C\000o\000u\000p\000l\000i\000n\000g}{section.1}% 3
\BOOKMARK [2][-]{subsection.1.3}{\376\377\000T\000h\000e\000\040\000C\000l\000i\000n\000i\000c\000a\000l\000\040\000D\000i\000l\000e\000m\000m\000a\000:\000\040\000S\000a\000f\000e\000t\000y\000\040\000v\000s\000.\000\040\000P\000r\000e\000c\000i\000s\000i\000o\000n}{section.1}% 4
\BOOKMARK [2][-]{subsection.1.4}{\376\377\000T\000h\000e\000\040\000D\000e\000p\000l\000o\000y\000m\000e\000n\000t\000\040\000B\000o\000t\000t\000l\000e\000n\000e\000c\000k\000:\000\040\000S\000y\000s\000t\000e\000m\000i\000c\000\040\000H\000e\000t\000e\000r\000o\000g\000e\000n\000e\000i\000t\000y}{section.1}% 5
\BOOKMARK [1][-]{section.2}{\376\377\000M\000e\000t\000h\000o\000d\000o\000l\000o\000g\000y}{}% 6
\BOOKMARK [2][-]{subsection.2.1}{\376\377\000D\000a\000t\000a\000\040\000I\000n\000f\000r\000a\000s\000t\000r\000u\000c\000t\000u\000r\000e\000:\000\040\000T\000h\000e\000\040\000C\000P\000E\000T\000x\000\040\000S\000t\000a\000n\000d\000a\000r\000d\000\040\000\046\000\040\000U\000n\000i\000v\000e\000r\000s\000a\000l\000\040\000A\000d\000a\000p\000t\000e\000r}{section.2}% 7
\BOOKMARK [3][-]{subsubsection.2.1.1}{\376\377\000T\000h\000e\000\040\000C\000P\000E\000T\000x\000\040\000S\000t\000a\000n\000d\000a\000r\000d}{subsection.2.1}% 8
\BOOKMARK [3][-]{subsubsection.2.1.2}{\376\377\000T\000h\000e\000\040\000U\000n\000i\000v\000e\000r\000s\000a\000l\000\040\000A\000d\000a\000p\000t\000e\000r\000\040\000P\000i\000p\000e\000l\000i\000n\000e}{subsection.2.1}% 9
\BOOKMARK [2][-]{subsection.2.2}{\376\377\000M\000o\000d\000e\000l\000\040\000A\000r\000c\000h\000i\000t\000e\000c\000t\000u\000r\000e\000:\000\040\000T\000h\000e\000\040\000P\000A\000C\000E\000-\000F\000o\000r\000m\000e\000r}{section.2}% 10
\BOOKMARK [3][-]{subsubsection.2.2.1}{\376\377\000S\000t\000y\000l\000e\000-\000A\000w\000a\000r\000e\000\040\000B\000a\000c\000k\000b\000o\000n\000e}{subsection.2.2}% 11
\BOOKMARK [3][-]{subsubsection.2.2.2}{\376\377\000D\000u\000a\000l\000-\000T\000a\000s\000k\000\040\000H\000e\000a\000d\000s}{subsection.2.2}% 12
\BOOKMARK [2][-]{subsection.2.3}{\376\377\000H\000y\000b\000r\000i\000d\000\040\000T\000r\000a\000i\000n\000i\000n\000g\000\040\000S\000t\000r\000a\000t\000e\000g\000y}{section.2}% 13
\BOOKMARK [2][-]{subsection.2.4}{\376\377\000L\000o\000s\000s\000\040\000F\000u\000n\000c\000t\000i\000o\000n}{section.2}% 14
\BOOKMARK [1][-]{section.3}{\376\377\000E\000x\000p\000e\000r\000i\000m\000e\000n\000t\000a\000l\000\040\000D\000e\000s\000i\000g\000n}{}% 15
\BOOKMARK [2][-]{subsection.3.1}{\376\377\000D\000a\000t\000a\000s\000e\000t\000\040\000a\000n\000d\000\040\000S\000t\000u\000d\000y\000\040\000P\000o\000p\000u\000l\000a\000t\000i\000o\000n}{section.3}% 16
\BOOKMARK [2][-]{subsection.3.2}{\376\377\000D\000u\000a\000l\000-\000M\000o\000d\000e\000\040\000E\000v\000a\000l\000u\000a\000t\000i\000o\000n\000\040\000M\000e\000t\000r\000i\000c\000s}{section.3}% 17
\BOOKMARK [1][-]{section.4}{\376\377\000R\000e\000s\000u\000l\000t\000s}{}% 18
\BOOKMARK [2][-]{subsection.4.1}{\376\377\000O\000f\000f\000l\000i\000n\000e\000\040\000P\000r\000e\000c\000i\000s\000i\000o\000n\000:\000\040\000C\000l\000i\000n\000i\000c\000a\000l\000\040\000E\000q\000u\000i\000v\000a\000l\000e\000n\000c\000e}{section.4}% 19
\BOOKMARK [2][-]{subsection.4.2}{\376\377\000O\000n\000l\000i\000n\000e\000\040\000S\000a\000f\000e\000t\000y\000:\000\040\000T\000h\000e\000\040\000Z\000e\000r\000o\000-\000F\000a\000l\000s\000e\000-\000A\000l\000a\000r\000m\000\040\000S\000t\000a\000n\000d\000a\000r\000d}{section.4}% 20
\BOOKMARK [2][-]{subsection.4.3}{\376\377\000P\000r\000o\000g\000n\000o\000s\000t\000i\000c\000\040\000V\000a\000l\000u\000e\000:\000\040\000V\000i\000r\000t\000u\000a\000l\000\040\000M\000a\000x\000i\000m\000a\000l\000\040\000T\000e\000s\000t\000i\000n\000g}{section.4}% 21
\BOOKMARK [2][-]{subsection.4.4}{\376\377\000A\000b\000l\000a\000t\000i\000o\000n\000\040\000S\000t\000u\000d\000y\000:\000\040\000T\000h\000e\000\040\000R\000o\000l\000e\000\040\000o\000f\000\040\000S\000t\000y\000l\000e\000\040\000A\000d\000a\000p\000t\000a\000t\000i\000o\000n}{section.4}% 22
\BOOKMARK [1][-]{section.5}{\376\377\000D\000i\000s\000c\000u\000s\000s\000i\000o\000n}{}% 23
\BOOKMARK [1][-]{section.6}{\376\377\000C\000o\000n\000c\000l\000u\000s\000i\000o\000n}{}% 24
\BOOKMARK [1][-]{appendix.A}{\376\377\000T\000h\000e\000\040\000U\000n\000i\000f\000i\000e\000d\000\040\000C\000P\000E\000T\000\040\000D\000a\000t\000a\000\040\000S\000t\000a\000n\000d\000a\000r\000d}{}% 25
\BOOKMARK [2][-]{subsection.A.1}{\376\377\000T\000i\000m\000e\000-\000S\000e\000r\000i\000e\000s\000\040\000S\000c\000h\000e\000m\000a\000\040\000\050\000B\000r\000e\000a\000t\000h\000-\000b\000y\000-\000B\000r\000e\000a\000t\000h\000\040\000/\000\040\000C\000o\000n\000t\000i\000n\000u\000o\000u\000s\000\051}{appendix.A}% 26
\BOOKMARK [2][-]{subsection.A.2}{\376\377\000S\000u\000m\000m\000a\000r\000y\000\040\000M\000e\000t\000r\000i\000c\000s\000\040\000S\000c\000h\000e\000m\000a\000\040\000\050\000R\000e\000p\000o\000r\000t\000\040\000L\000e\000v\000e\000l\000\051}{appendix.A}% 27
\BOOKMARK [2][-]{subsection.A.3}{\376\377\000M\000e\000t\000a\000d\000a\000t\000a\000\040\000\046\000\040\000C\000a\000l\000i\000b\000r\000a\000t\000i\000o\000n\000\040\000S\000c\000h\000e\000m\000a}{appendix.A}% 28
